2019-05-09 17:07:51.821  INFO afro-HP-ProBook-440-G5 --- [           main] .b.t.c.SpringBootTestContextBootstrapper : Neither @ContextConfiguration nor @ContextHierarchy found for test class [ke.co.safaricom.www.MoviesMicroserviceApplicationTests], using SpringBootContextLoader
2019-05-09 17:07:51.844  INFO afro-HP-ProBook-440-G5 --- [           main] o.s.t.c.s.AbstractContextLoader          : Could not detect default resource locations for test class [ke.co.safaricom.www.MoviesMicroserviceApplicationTests]: no resource found for suffixes {-context.xml, Context.groovy}.
2019-05-09 17:07:51.846  INFO afro-HP-ProBook-440-G5 --- [           main] t.c.s.AnnotationConfigContextLoaderUtils : Could not detect default configuration classes for test class [ke.co.safaricom.www.MoviesMicroserviceApplicationTests]: MoviesMicroserviceApplicationTests does not declare any static, non-private, non-final, nested classes annotated with @Configuration.
2019-05-09 17:07:52.183  INFO afro-HP-ProBook-440-G5 --- [           main] .b.t.c.SpringBootTestContextBootstrapper : Found @SpringBootConfiguration ke.co.safaricom.www.MoviesMicroserviceApplication for test class ke.co.safaricom.www.MoviesMicroserviceApplicationTests
2019-05-09 17:07:52.522  INFO afro-HP-ProBook-440-G5 --- [           main] .b.t.c.SpringBootTestContextBootstrapper : Loaded default TestExecutionListener class names from location [META-INF/spring.factories]: [org.springframework.security.test.context.support.WithSecurityContextTestExecutionListener, org.springframework.test.context.web.ServletTestExecutionListener, org.springframework.test.context.support.DirtiesContextBeforeModesTestExecutionListener, org.springframework.test.context.support.DependencyInjectionTestExecutionListener, org.springframework.test.context.support.DirtiesContextTestExecutionListener, org.springframework.test.context.transaction.TransactionalTestExecutionListener, org.springframework.test.context.jdbc.SqlScriptsTestExecutionListener, org.springframework.boot.test.mock.mockito.MockitoTestExecutionListener, org.springframework.boot.test.mock.mockito.ResetMocksTestExecutionListener, org.springframework.boot.test.autoconfigure.restdocs.RestDocsTestExecutionListener, org.springframework.boot.test.autoconfigure.web.client.MockRestServiceServerResetTestExecutionListener, org.springframework.boot.test.autoconfigure.web.servlet.MockMvcPrintOnlyOnFailureTestExecutionListener, org.springframework.boot.test.autoconfigure.web.servlet.WebDriverTestExecutionListener]
2019-05-09 17:07:52.583  INFO afro-HP-ProBook-440-G5 --- [           main] .b.t.c.SpringBootTestContextBootstrapper : Using TestExecutionListeners: [org.springframework.test.context.web.ServletTestExecutionListener@33845e3d, org.springframework.test.context.support.DirtiesContextBeforeModesTestExecutionListener@7e615c6a, org.springframework.boot.test.mock.mockito.MockitoTestExecutionListener@3662c887, org.springframework.boot.test.autoconfigure.SpringBootDependencyInjectionTestExecutionListener@23119bc3, org.springframework.test.context.support.DirtiesContextTestExecutionListener@32f54c2a, org.springframework.test.context.transaction.TransactionalTestExecutionListener@4603c412, org.springframework.test.context.jdbc.SqlScriptsTestExecutionListener@66851aa5, org.springframework.boot.test.mock.mockito.ResetMocksTestExecutionListener@49654a35, org.springframework.boot.test.autoconfigure.restdocs.RestDocsTestExecutionListener@5169db2f, org.springframework.boot.test.autoconfigure.web.client.MockRestServiceServerResetTestExecutionListener@912a644, org.springframework.boot.test.autoconfigure.web.servlet.MockMvcPrintOnlyOnFailureTestExecutionListener@478cc5f1, org.springframework.boot.test.autoconfigure.web.servlet.WebDriverTestExecutionListener@245b0bd7, org.springframework.security.test.context.support.WithSecurityContextTestExecutionListener@3bf41cd0]
2019-05-09 17:07:54.298  INFO afro-HP-ProBook-440-G5 --- [           main] c.s.w.MoviesMicroserviceApplicationTests : Starting MoviesMicroserviceApplicationTests on afro-HP-ProBook-440-G5 with PID 1370 (started by afro in /media/afro/TKL1/Hackathon/movies/movies-microservice)
2019-05-09 17:07:54.304 DEBUG afro-HP-ProBook-440-G5 --- [           main] c.s.w.MoviesMicroserviceApplicationTests : Running with Spring Boot v2.1.4.RELEASE, Spring v5.1.6.RELEASE
2019-05-09 17:07:54.306  INFO afro-HP-ProBook-440-G5 --- [           main] c.s.w.MoviesMicroserviceApplicationTests : No active profile set, falling back to default profiles: default
2019-05-09 17:07:57.093  INFO afro-HP-ProBook-440-G5 --- [           main] .s.d.r.c.RepositoryConfigurationDelegate : Bootstrapping Spring Data repositories in DEFAULT mode.
2019-05-09 17:07:57.323  INFO afro-HP-ProBook-440-G5 --- [           main] .s.d.r.c.RepositoryConfigurationDelegate : Finished Spring Data repository scanning in 209ms. Found 2 repository interfaces.
2019-05-09 17:07:58.640  INFO afro-HP-ProBook-440-G5 --- [           main] trationDelegate$BeanPostProcessorChecker : Bean 'org.springframework.transaction.annotation.ProxyTransactionManagementConfiguration' of type [org.springframework.transaction.annotation.ProxyTransactionManagementConfiguration$$EnhancerBySpringCGLIB$$da57fcfa] is not eligible for getting processed by all BeanPostProcessors (for example: not eligible for auto-proxying)
2019-05-09 17:07:58.783  INFO afro-HP-ProBook-440-G5 --- [           main] trationDelegate$BeanPostProcessorChecker : Bean 'org.springframework.security.config.annotation.configuration.ObjectPostProcessorConfiguration' of type [org.springframework.security.config.annotation.configuration.ObjectPostProcessorConfiguration$$EnhancerBySpringCGLIB$$7305c534] is not eligible for getting processed by all BeanPostProcessors (for example: not eligible for auto-proxying)
2019-05-09 17:07:58.805  INFO afro-HP-ProBook-440-G5 --- [           main] trationDelegate$BeanPostProcessorChecker : Bean 'objectPostProcessor' of type [org.springframework.security.config.annotation.configuration.AutowireBeanFactoryObjectPostProcessor] is not eligible for getting processed by all BeanPostProcessors (for example: not eligible for auto-proxying)
2019-05-09 17:07:58.809  INFO afro-HP-ProBook-440-G5 --- [           main] trationDelegate$BeanPostProcessorChecker : Bean 'org.springframework.security.access.expression.method.DefaultMethodSecurityExpressionHandler@1e7c2bd6' of type [org.springframework.security.access.expression.method.DefaultMethodSecurityExpressionHandler] is not eligible for getting processed by all BeanPostProcessors (for example: not eligible for auto-proxying)
2019-05-09 17:07:58.822  INFO afro-HP-ProBook-440-G5 --- [           main] trationDelegate$BeanPostProcessorChecker : Bean 'org.springframework.security.config.annotation.method.configuration.GlobalMethodSecurityConfiguration' of type [org.springframework.security.config.annotation.method.configuration.GlobalMethodSecurityConfiguration$$EnhancerBySpringCGLIB$$97da67e6] is not eligible for getting processed by all BeanPostProcessors (for example: not eligible for auto-proxying)
2019-05-09 17:07:58.839  INFO afro-HP-ProBook-440-G5 --- [           main] trationDelegate$BeanPostProcessorChecker : Bean 'methodSecurityMetadataSource' of type [org.springframework.security.access.method.DelegatingMethodSecurityMetadataSource] is not eligible for getting processed by all BeanPostProcessors (for example: not eligible for auto-proxying)
2019-05-09 17:07:59.511  INFO afro-HP-ProBook-440-G5 --- [           main] c.z.h.HikariDataSource                   : HikariPool-1 - Starting...
2019-05-09 17:08:00.193  INFO afro-HP-ProBook-440-G5 --- [           main] c.z.h.HikariDataSource                   : HikariPool-1 - Start completed.
2019-05-09 17:08:00.415  INFO afro-HP-ProBook-440-G5 --- [           main] o.h.j.i.u.LogHelper                      : HHH000204: Processing PersistenceUnitInfo [
	name: default
	...]
2019-05-09 17:08:00.648  INFO afro-HP-ProBook-440-G5 --- [           main] o.h.Version                              : HHH000412: Hibernate Core {5.3.9.Final}
2019-05-09 17:08:00.653  INFO afro-HP-ProBook-440-G5 --- [           main] o.h.c.Environment                        : HHH000206: hibernate.properties not found
2019-05-09 17:08:01.013  INFO afro-HP-ProBook-440-G5 --- [           main] o.h.a.c.Version                          : HCANN000001: Hibernate Commons Annotations {5.0.4.Final}
2019-05-09 17:08:01.364  INFO afro-HP-ProBook-440-G5 --- [           main] o.h.d.Dialect                            : HHH000400: Using dialect: org.hibernate.dialect.PostgreSQL95Dialect
2019-05-09 17:08:01.630  INFO afro-HP-ProBook-440-G5 --- [           main] o.h.e.j.e.i.LobCreatorBuilderImpl        : HHH000421: Disabling contextual LOB creation as hibernate.jdbc.lob.non_contextual_creation is true
2019-05-09 17:08:01.642  INFO afro-HP-ProBook-440-G5 --- [           main] o.h.t.BasicTypeRegistry                  : HHH000270: Type registration [java.util.UUID] overrides previous : org.hibernate.type.UUIDBinaryType@5fe36dec
2019-05-09 17:08:03.507  INFO afro-HP-ProBook-440-G5 --- [           main] j.LocalContainerEntityManagerFactoryBean : Initialized JPA EntityManagerFactory for persistence unit 'default'
2019-05-09 17:08:06.043  WARN afro-HP-ProBook-440-G5 --- [           main] aWebConfiguration$JpaWebMvcConfiguration : spring.jpa.open-in-view is enabled by default. Therefore, database queries may be performed during view rendering. Explicitly configure spring.jpa.open-in-view to disable this warning
2019-05-09 17:08:07.165  INFO afro-HP-ProBook-440-G5 --- [           main] o.s.b.a.e.w.EndpointLinksResolver        : Exposing 2 endpoint(s) beneath base path '/actuator'
2019-05-09 17:08:07.597  INFO afro-HP-ProBook-440-G5 --- [           main] pertySourcedRequestMappingHandlerMapping : Mapped URL path [/v2/api-docs] onto method [public org.springframework.http.ResponseEntity<springfox.documentation.spring.web.json.Json> springfox.documentation.swagger2.web.Swagger2Controller.getDocumentation(java.lang.String,javax.servlet.http.HttpServletRequest)]
2019-05-09 17:08:08.525  INFO afro-HP-ProBook-440-G5 --- [           main] o.s.s.w.DefaultSecurityFilterChain       : Creating filter chain: OrRequestMatcher [requestMatchers=[Ant [pattern='/oauth/token'], Ant [pattern='/oauth/token_key'], Ant [pattern='/oauth/check_token']]], [org.springframework.security.web.context.request.async.WebAsyncManagerIntegrationFilter@6eb2bc0b, org.springframework.security.web.context.SecurityContextPersistenceFilter@72a3cfd9, org.springframework.security.web.header.HeaderWriterFilter@bd4e117, org.springframework.security.web.authentication.logout.LogoutFilter@7838c8e8, org.springframework.security.web.authentication.www.BasicAuthenticationFilter@1dece83e, org.springframework.security.web.savedrequest.RequestCacheAwareFilter@b903a02, org.springframework.security.web.servletapi.SecurityContextHolderAwareRequestFilter@78f4f133, org.springframework.security.web.authentication.AnonymousAuthenticationFilter@9bfca6d, org.springframework.security.web.session.SessionManagementFilter@3f236b2a, org.springframework.security.web.access.ExceptionTranslationFilter@14d2fcd0, org.springframework.security.web.access.intercept.FilterSecurityInterceptor@122289dc]
2019-05-09 17:08:08.558  INFO afro-HP-ProBook-440-G5 --- [           main] o.s.s.w.DefaultSecurityFilterChain       : Creating filter chain: org.springframework.security.oauth2.config.annotation.web.configuration.ResourceServerConfiguration$NotOAuthRequestMatcher@141efe36, [org.springframework.security.web.context.request.async.WebAsyncManagerIntegrationFilter@106046eb, org.springframework.security.web.context.SecurityContextPersistenceFilter@5acc4f24, org.springframework.security.web.header.HeaderWriterFilter@5eda99d, org.springframework.security.web.authentication.logout.LogoutFilter@79c012fd, org.springframework.security.oauth2.provider.authentication.OAuth2AuthenticationProcessingFilter@bb80845, org.springframework.security.web.savedrequest.RequestCacheAwareFilter@36e824e1, org.springframework.security.web.servletapi.SecurityContextHolderAwareRequestFilter@5e21c2e0, org.springframework.security.web.session.SessionManagementFilter@66283dc4, org.springframework.security.web.access.ExceptionTranslationFilter@20099824, org.springframework.security.web.access.intercept.FilterSecurityInterceptor@3dca8d30]
2019-05-09 17:08:08.565  INFO afro-HP-ProBook-440-G5 --- [           main] o.s.s.w.DefaultSecurityFilterChain       : Creating filter chain: any request, [org.springframework.security.web.context.request.async.WebAsyncManagerIntegrationFilter@6ed525c6, org.springframework.security.web.context.SecurityContextPersistenceFilter@7233f09b, org.springframework.security.web.header.HeaderWriterFilter@4dd4d7a4, org.springframework.security.web.authentication.logout.LogoutFilter@67dff4c9, org.springframework.security.web.savedrequest.RequestCacheAwareFilter@1f6a5405, org.springframework.security.web.servletapi.SecurityContextHolderAwareRequestFilter@7468c9bb, org.springframework.security.web.session.SessionManagementFilter@6d1fd768, org.springframework.security.web.access.ExceptionTranslationFilter@5846ae46, org.springframework.security.web.access.intercept.FilterSecurityInterceptor@20b77ff2]
2019-05-09 17:08:09.706  INFO afro-HP-ProBook-440-G5 --- [           main] o.s.s.c.ThreadPoolTaskExecutor           : Initializing ExecutorService 'applicationTaskExecutor'
2019-05-09 17:08:11.088  INFO afro-HP-ProBook-440-G5 --- [           main] o.s.b.t.m.w.SpringBootMockServletContext : Initializing Spring TestDispatcherServlet ''
2019-05-09 17:08:11.089  INFO afro-HP-ProBook-440-G5 --- [           main] o.s.t.w.s.TestDispatcherServlet          : Initializing Servlet ''
2019-05-09 17:08:11.124  INFO afro-HP-ProBook-440-G5 --- [           main] o.s.t.w.s.TestDispatcherServlet          : Completed initialization in 35 ms
2019-05-09 17:08:11.242  INFO afro-HP-ProBook-440-G5 --- [           main] d.s.w.p.DocumentationPluginsBootstrapper : Context refreshed
2019-05-09 17:08:11.327  INFO afro-HP-ProBook-440-G5 --- [           main] d.s.w.p.DocumentationPluginsBootstrapper : Found 1 custom documentation plugin(s)
2019-05-09 17:08:11.430  INFO afro-HP-ProBook-440-G5 --- [           main] s.d.s.w.s.ApiListingReferenceScanner     : Scanning for api listing references
2019-05-09 17:08:11.979  INFO afro-HP-ProBook-440-G5 --- [           main] c.s.w.MoviesMicroserviceApplicationTests : Started MoviesMicroserviceApplicationTests in 18.705 seconds (JVM running for 22.67)
2019-05-09 17:08:12.174  INFO afro-HP-ProBook-440-G5 --- [           main] o.s.b.t.m.w.SpringBootMockServletContext : Initializing Spring TestDispatcherServlet ''
2019-05-09 17:08:12.175  INFO afro-HP-ProBook-440-G5 --- [           main] o.s.t.w.s.TestDispatcherServlet          : Initializing Servlet ''
2019-05-09 17:08:12.186  INFO afro-HP-ProBook-440-G5 --- [           main] o.s.t.w.s.TestDispatcherServlet          : Completed initialization in 10 ms
2019-05-09 17:08:12.246 DEBUG afro-HP-ProBook-440-G5 --- [           main] o.h.SQL                                  : select nextval ('hibernate_sequence')
2019-05-09 17:08:12.365 DEBUG afro-HP-ProBook-440-G5 --- [           main] o.h.SQL                                  : insert into users (first_name, id_no, msisdn, password, registration_date, second_name, status, user_id) values (?, ?, ?, ?, ?, ?, ?, ?)
2019-05-09 17:08:12.371 TRACE afro-HP-ProBook-440-G5 --- [           main] o.h.t.d.s.BasicBinder                    : binding parameter [1] as [VARCHAR] - [Amimo]
2019-05-09 17:08:12.372 TRACE afro-HP-ProBook-440-G5 --- [           main] o.h.t.d.s.BasicBinder                    : binding parameter [2] as [VARCHAR] - [26089909]
2019-05-09 17:08:12.372 TRACE afro-HP-ProBook-440-G5 --- [           main] o.h.t.d.s.BasicBinder                    : binding parameter [3] as [VARCHAR] - [254721506974]
2019-05-09 17:08:12.373 TRACE afro-HP-ProBook-440-G5 --- [           main] o.h.t.d.s.BasicBinder                    : binding parameter [4] as [VARCHAR] - [$2a$04$I9Q2sDc4QGGg5WNTLmsz0.fvGv3OjoZyj81PrSFyGOqMphqfS2qKu]
2019-05-09 17:08:12.380 TRACE afro-HP-ProBook-440-G5 --- [           main] o.h.t.d.s.BasicBinder                    : binding parameter [5] as [TIMESTAMP] - [Thu May 09 17:07:53 EAT 2019]
2019-05-09 17:08:12.383 TRACE afro-HP-ProBook-440-G5 --- [           main] o.h.t.d.s.BasicBinder                    : binding parameter [6] as [VARCHAR] - [Benja]
2019-05-09 17:08:12.386 TRACE afro-HP-ProBook-440-G5 --- [           main] o.h.t.d.s.BasicBinder                    : binding parameter [7] as [BOOLEAN] - [true]
2019-05-09 17:08:12.387 TRACE afro-HP-ProBook-440-G5 --- [           main] o.h.t.d.s.BasicBinder                    : binding parameter [8] as [INTEGER] - [46]
2019-05-09 17:08:12.899  INFO afro-HP-ProBook-440-G5 --- [           main] o.h.h.i.QueryTranslatorFactoryInitiator  : HHH000397: Using ASTQueryTranslatorFactory
2019-05-09 17:08:13.200 DEBUG afro-HP-ProBook-440-G5 --- [           main] o.h.SQL                                  : select users0_.user_id as user_id1_1_, users0_.first_name as first_na2_1_, users0_.id_no as id_no3_1_, users0_.msisdn as msisdn4_1_, users0_.password as password5_1_, users0_.registration_date as registra6_1_, users0_.second_name as second_n7_1_, users0_.status as status8_1_ from users users0_ where users0_.msisdn=?
2019-05-09 17:08:13.203 TRACE afro-HP-ProBook-440-G5 --- [           main] o.h.t.d.s.BasicBinder                    : binding parameter [1] as [VARCHAR] - [254721506974]
2019-05-09 17:08:13.207 TRACE afro-HP-ProBook-440-G5 --- [           main] o.h.t.d.s.BasicExtractor                 : extracted value ([user_id1_1_] : [INTEGER]) - [46]
2019-05-09 17:08:13.212 TRACE afro-HP-ProBook-440-G5 --- [           main] o.h.t.d.s.BasicExtractor                 : extracted value ([first_na2_1_] : [VARCHAR]) - [Amimo]
2019-05-09 17:08:13.212 TRACE afro-HP-ProBook-440-G5 --- [           main] o.h.t.d.s.BasicExtractor                 : extracted value ([id_no3_1_] : [VARCHAR]) - [26089909]
2019-05-09 17:08:13.212 TRACE afro-HP-ProBook-440-G5 --- [           main] o.h.t.d.s.BasicExtractor                 : extracted value ([msisdn4_1_] : [VARCHAR]) - [254721506974]
2019-05-09 17:08:13.213 TRACE afro-HP-ProBook-440-G5 --- [           main] o.h.t.d.s.BasicExtractor                 : extracted value ([password5_1_] : [VARCHAR]) - [$2a$04$I9Q2sDc4QGGg5WNTLmsz0.fvGv3OjoZyj81PrSFyGOqMphqfS2qKu]
2019-05-09 17:08:13.215 TRACE afro-HP-ProBook-440-G5 --- [           main] o.h.t.d.s.BasicExtractor                 : extracted value ([registra6_1_] : [TIMESTAMP]) - [2019-05-09 17:07:53.185]
2019-05-09 17:08:13.215 TRACE afro-HP-ProBook-440-G5 --- [           main] o.h.t.d.s.BasicExtractor                 : extracted value ([second_n7_1_] : [VARCHAR]) - [Benja]
2019-05-09 17:08:13.217 TRACE afro-HP-ProBook-440-G5 --- [           main] o.h.t.d.s.BasicExtractor                 : extracted value ([status8_1_] : [BOOLEAN]) - [true]
2019-05-09 17:08:13.342  INFO afro-HP-ProBook-440-G5 --- [           main] o.s.s.o.p.t.s.JdbcTokenStore             : Failed to find access token for token 531eb56f-2363-4b4f-9b28-ab8be2102097
2019-05-09 17:08:13.671  INFO afro-HP-ProBook-440-G5 --- [           main] k.c.s.w.c.MoviesController               : REGISTRATION REQUEST RECEIVED.
2019-05-09 17:08:13.674 DEBUG afro-HP-ProBook-440-G5 --- [           main] k.c.s.w.v.UserValidator                  :  - Starting the validation process.
2019-05-09 17:08:13.726 DEBUG afro-HP-ProBook-440-G5 --- [           main] o.h.SQL                                  : select users0_.user_id as user_id1_1_, users0_.first_name as first_na2_1_, users0_.id_no as id_no3_1_, users0_.msisdn as msisdn4_1_, users0_.password as password5_1_, users0_.registration_date as registra6_1_, users0_.second_name as second_n7_1_, users0_.status as status8_1_ from users users0_ where users0_.msisdn=?
2019-05-09 17:08:13.727 TRACE afro-HP-ProBook-440-G5 --- [           main] o.h.t.d.s.BasicBinder                    : binding parameter [1] as [VARCHAR] - [254721506974]
2019-05-09 17:08:13.728 TRACE afro-HP-ProBook-440-G5 --- [           main] o.h.t.d.s.BasicExtractor                 : extracted value ([user_id1_1_] : [INTEGER]) - [46]
2019-05-09 17:08:13.729 TRACE afro-HP-ProBook-440-G5 --- [           main] o.h.t.d.s.BasicExtractor                 : extracted value ([first_na2_1_] : [VARCHAR]) - [Amimo]
2019-05-09 17:08:13.729 TRACE afro-HP-ProBook-440-G5 --- [           main] o.h.t.d.s.BasicExtractor                 : extracted value ([id_no3_1_] : [VARCHAR]) - [26089909]
2019-05-09 17:08:13.730 TRACE afro-HP-ProBook-440-G5 --- [           main] o.h.t.d.s.BasicExtractor                 : extracted value ([msisdn4_1_] : [VARCHAR]) - [254721506974]
2019-05-09 17:08:13.730 TRACE afro-HP-ProBook-440-G5 --- [           main] o.h.t.d.s.BasicExtractor                 : extracted value ([password5_1_] : [VARCHAR]) - [$2a$04$I9Q2sDc4QGGg5WNTLmsz0.fvGv3OjoZyj81PrSFyGOqMphqfS2qKu]
2019-05-09 17:08:13.731 TRACE afro-HP-ProBook-440-G5 --- [           main] o.h.t.d.s.BasicExtractor                 : extracted value ([registra6_1_] : [TIMESTAMP]) - [2019-05-09 17:07:53.185]
2019-05-09 17:08:13.731 TRACE afro-HP-ProBook-440-G5 --- [           main] o.h.t.d.s.BasicExtractor                 : extracted value ([second_n7_1_] : [VARCHAR]) - [Benja]
2019-05-09 17:08:13.731 TRACE afro-HP-ProBook-440-G5 --- [           main] o.h.t.d.s.BasicExtractor                 : extracted value ([status8_1_] : [BOOLEAN]) - [true]
2019-05-09 17:08:13.742 DEBUG afro-HP-ProBook-440-G5 --- [           main] o.h.SQL                                  : select users0_.user_id as user_id1_1_0_, users0_.first_name as first_na2_1_0_, users0_.id_no as id_no3_1_0_, users0_.msisdn as msisdn4_1_0_, users0_.password as password5_1_0_, users0_.registration_date as registra6_1_0_, users0_.second_name as second_n7_1_0_, users0_.status as status8_1_0_ from users users0_ where users0_.user_id=?
2019-05-09 17:08:13.744 TRACE afro-HP-ProBook-440-G5 --- [           main] o.h.t.d.s.BasicBinder                    : binding parameter [1] as [INTEGER] - [46]
2019-05-09 17:08:13.751 TRACE afro-HP-ProBook-440-G5 --- [           main] o.h.t.d.s.BasicExtractor                 : extracted value ([first_na2_1_0_] : [VARCHAR]) - [Amimo]
2019-05-09 17:08:13.751 TRACE afro-HP-ProBook-440-G5 --- [           main] o.h.t.d.s.BasicExtractor                 : extracted value ([id_no3_1_0_] : [VARCHAR]) - [26089909]
2019-05-09 17:08:13.752 TRACE afro-HP-ProBook-440-G5 --- [           main] o.h.t.d.s.BasicExtractor                 : extracted value ([msisdn4_1_0_] : [VARCHAR]) - [254721506974]
2019-05-09 17:08:13.752 TRACE afro-HP-ProBook-440-G5 --- [           main] o.h.t.d.s.BasicExtractor                 : extracted value ([password5_1_0_] : [VARCHAR]) - [$2a$04$I9Q2sDc4QGGg5WNTLmsz0.fvGv3OjoZyj81PrSFyGOqMphqfS2qKu]
2019-05-09 17:08:13.753 TRACE afro-HP-ProBook-440-G5 --- [           main] o.h.t.d.s.BasicExtractor                 : extracted value ([registra6_1_0_] : [TIMESTAMP]) - [2019-05-09 17:07:53.185]
2019-05-09 17:08:13.753 TRACE afro-HP-ProBook-440-G5 --- [           main] o.h.t.d.s.BasicExtractor                 : extracted value ([second_n7_1_0_] : [VARCHAR]) - [Benja]
2019-05-09 17:08:13.753 TRACE afro-HP-ProBook-440-G5 --- [           main] o.h.t.d.s.BasicExtractor                 : extracted value ([status8_1_0_] : [BOOLEAN]) - [true]
2019-05-09 17:08:13.769 DEBUG afro-HP-ProBook-440-G5 --- [           main] o.h.SQL                                  : delete from users where user_id=?
2019-05-09 17:08:13.770 TRACE afro-HP-ProBook-440-G5 --- [           main] o.h.t.d.s.BasicBinder                    : binding parameter [1] as [INTEGER] - [46]
2019-05-09 17:08:13.814  INFO afro-HP-ProBook-440-G5 --- [           main] o.s.b.t.m.w.SpringBootMockServletContext : Initializing Spring TestDispatcherServlet ''
2019-05-09 17:08:13.814  INFO afro-HP-ProBook-440-G5 --- [           main] o.s.t.w.s.TestDispatcherServlet          : Initializing Servlet ''
2019-05-09 17:08:13.823  INFO afro-HP-ProBook-440-G5 --- [           main] o.s.t.w.s.TestDispatcherServlet          : Completed initialization in 7 ms
2019-05-09 17:08:13.845  INFO afro-HP-ProBook-440-G5 --- [           main] o.s.b.t.m.w.SpringBootMockServletContext : Initializing Spring TestDispatcherServlet ''
2019-05-09 17:08:13.846  INFO afro-HP-ProBook-440-G5 --- [           main] o.s.t.w.s.TestDispatcherServlet          : Initializing Servlet ''
2019-05-09 17:08:13.853  INFO afro-HP-ProBook-440-G5 --- [           main] o.s.t.w.s.TestDispatcherServlet          : Completed initialization in 7 ms
2019-05-09 17:08:13.854 DEBUG afro-HP-ProBook-440-G5 --- [           main] o.h.SQL                                  : select nextval ('hibernate_sequence')
2019-05-09 17:08:13.856 DEBUG afro-HP-ProBook-440-G5 --- [           main] o.h.SQL                                  : insert into users (first_name, id_no, msisdn, password, registration_date, second_name, status, user_id) values (?, ?, ?, ?, ?, ?, ?, ?)
2019-05-09 17:08:13.857 TRACE afro-HP-ProBook-440-G5 --- [           main] o.h.t.d.s.BasicBinder                    : binding parameter [1] as [VARCHAR] - [Amimo]
2019-05-09 17:08:13.857 TRACE afro-HP-ProBook-440-G5 --- [           main] o.h.t.d.s.BasicBinder                    : binding parameter [2] as [VARCHAR] - [26089909]
2019-05-09 17:08:13.858 TRACE afro-HP-ProBook-440-G5 --- [           main] o.h.t.d.s.BasicBinder                    : binding parameter [3] as [VARCHAR] - [254721506974]
2019-05-09 17:08:13.858 TRACE afro-HP-ProBook-440-G5 --- [           main] o.h.t.d.s.BasicBinder                    : binding parameter [4] as [VARCHAR] - [$2a$04$I9Q2sDc4QGGg5WNTLmsz0.fvGv3OjoZyj81PrSFyGOqMphqfS2qKu]
2019-05-09 17:08:13.858 TRACE afro-HP-ProBook-440-G5 --- [           main] o.h.t.d.s.BasicBinder                    : binding parameter [5] as [TIMESTAMP] - [Thu May 09 17:08:13 EAT 2019]
2019-05-09 17:08:13.859 TRACE afro-HP-ProBook-440-G5 --- [           main] o.h.t.d.s.BasicBinder                    : binding parameter [6] as [VARCHAR] - [Benja]
2019-05-09 17:08:13.859 TRACE afro-HP-ProBook-440-G5 --- [           main] o.h.t.d.s.BasicBinder                    : binding parameter [7] as [BOOLEAN] - [true]
2019-05-09 17:08:13.860 TRACE afro-HP-ProBook-440-G5 --- [           main] o.h.t.d.s.BasicBinder                    : binding parameter [8] as [INTEGER] - [47]
2019-05-09 17:08:13.880 DEBUG afro-HP-ProBook-440-G5 --- [           main] o.h.SQL                                  : select users0_.user_id as user_id1_1_, users0_.first_name as first_na2_1_, users0_.id_no as id_no3_1_, users0_.msisdn as msisdn4_1_, users0_.password as password5_1_, users0_.registration_date as registra6_1_, users0_.second_name as second_n7_1_, users0_.status as status8_1_ from users users0_ where users0_.msisdn=?
2019-05-09 17:08:13.881 TRACE afro-HP-ProBook-440-G5 --- [           main] o.h.t.d.s.BasicBinder                    : binding parameter [1] as [VARCHAR] - [254721506974]
2019-05-09 17:08:13.882 TRACE afro-HP-ProBook-440-G5 --- [           main] o.h.t.d.s.BasicExtractor                 : extracted value ([user_id1_1_] : [INTEGER]) - [47]
2019-05-09 17:08:13.883 TRACE afro-HP-ProBook-440-G5 --- [           main] o.h.t.d.s.BasicExtractor                 : extracted value ([first_na2_1_] : [VARCHAR]) - [Amimo]
2019-05-09 17:08:13.884 TRACE afro-HP-ProBook-440-G5 --- [           main] o.h.t.d.s.BasicExtractor                 : extracted value ([id_no3_1_] : [VARCHAR]) - [26089909]
2019-05-09 17:08:13.884 TRACE afro-HP-ProBook-440-G5 --- [           main] o.h.t.d.s.BasicExtractor                 : extracted value ([msisdn4_1_] : [VARCHAR]) - [254721506974]
2019-05-09 17:08:13.885 TRACE afro-HP-ProBook-440-G5 --- [           main] o.h.t.d.s.BasicExtractor                 : extracted value ([password5_1_] : [VARCHAR]) - [$2a$04$I9Q2sDc4QGGg5WNTLmsz0.fvGv3OjoZyj81PrSFyGOqMphqfS2qKu]
2019-05-09 17:08:13.886 TRACE afro-HP-ProBook-440-G5 --- [           main] o.h.t.d.s.BasicExtractor                 : extracted value ([registra6_1_] : [TIMESTAMP]) - [2019-05-09 17:08:13.843]
2019-05-09 17:08:13.886 TRACE afro-HP-ProBook-440-G5 --- [           main] o.h.t.d.s.BasicExtractor                 : extracted value ([second_n7_1_] : [VARCHAR]) - [Benja]
2019-05-09 17:08:13.887 TRACE afro-HP-ProBook-440-G5 --- [           main] o.h.t.d.s.BasicExtractor                 : extracted value ([status8_1_] : [BOOLEAN]) - [true]
2019-05-09 17:08:13.933  INFO afro-HP-ProBook-440-G5 --- [           main] k.c.s.w.c.MoviesController               : REGISTRATION REQUEST RECEIVED.
2019-05-09 17:08:13.933 DEBUG afro-HP-ProBook-440-G5 --- [           main] k.c.s.w.v.UserValidator                  :  - Starting the validation process.
2019-05-09 17:08:13.942 DEBUG afro-HP-ProBook-440-G5 --- [           main] o.h.SQL                                  : select users0_.user_id as user_id1_1_, users0_.first_name as first_na2_1_, users0_.id_no as id_no3_1_, users0_.msisdn as msisdn4_1_, users0_.password as password5_1_, users0_.registration_date as registra6_1_, users0_.second_name as second_n7_1_, users0_.status as status8_1_ from users users0_ where users0_.msisdn=? and users0_.password=? and users0_.status=?
2019-05-09 17:08:13.942 TRACE afro-HP-ProBook-440-G5 --- [           main] o.h.t.d.s.BasicBinder                    : binding parameter [1] as [VARCHAR] - [254725506974]
2019-05-09 17:08:13.943 TRACE afro-HP-ProBook-440-G5 --- [           main] o.h.t.d.s.BasicBinder                    : binding parameter [2] as [VARCHAR] - [26189909]
2019-05-09 17:08:13.943 TRACE afro-HP-ProBook-440-G5 --- [           main] o.h.t.d.s.BasicBinder                    : binding parameter [3] as [BOOLEAN] - [true]
2019-05-09 17:08:13.946 DEBUG afro-HP-ProBook-440-G5 --- [           main] k.c.s.w.v.UserValidator                  :  - Entity Object is valid.
2019-05-09 17:08:14.073 DEBUG afro-HP-ProBook-440-G5 --- [           main] o.h.SQL                                  : select nextval ('hibernate_sequence')
2019-05-09 17:08:14.075 DEBUG afro-HP-ProBook-440-G5 --- [           main] o.h.SQL                                  : insert into users (first_name, id_no, msisdn, password, registration_date, second_name, status, user_id) values (?, ?, ?, ?, ?, ?, ?, ?)
2019-05-09 17:08:14.076 TRACE afro-HP-ProBook-440-G5 --- [           main] o.h.t.d.s.BasicBinder                    : binding parameter [1] as [VARCHAR] - [Nicholus]
2019-05-09 17:08:14.077 TRACE afro-HP-ProBook-440-G5 --- [           main] o.h.t.d.s.BasicBinder                    : binding parameter [2] as [VARCHAR] - [26189909]
2019-05-09 17:08:14.077 TRACE afro-HP-ProBook-440-G5 --- [           main] o.h.t.d.s.BasicBinder                    : binding parameter [3] as [VARCHAR] - [254725506974]
2019-05-09 17:08:14.077 TRACE afro-HP-ProBook-440-G5 --- [           main] o.h.t.d.s.BasicBinder                    : binding parameter [4] as [VARCHAR] - [$2a$10$MXoQfdk9bkGp3xDY.mlzi.DN8Kpw.wKyJDSFZRU6lcuHxFwqWIcAa]
2019-05-09 17:08:14.078 TRACE afro-HP-ProBook-440-G5 --- [           main] o.h.t.d.s.BasicBinder                    : binding parameter [5] as [TIMESTAMP] - [Thu May 09 17:08:13 EAT 2019]
2019-05-09 17:08:14.078 TRACE afro-HP-ProBook-440-G5 --- [           main] o.h.t.d.s.BasicBinder                    : binding parameter [6] as [VARCHAR] - [Owenje]
2019-05-09 17:08:14.078 TRACE afro-HP-ProBook-440-G5 --- [           main] o.h.t.d.s.BasicBinder                    : binding parameter [7] as [BOOLEAN] - [true]
2019-05-09 17:08:14.079 TRACE afro-HP-ProBook-440-G5 --- [           main] o.h.t.d.s.BasicBinder                    : binding parameter [8] as [INTEGER] - [48]
2019-05-09 17:08:14.128 DEBUG afro-HP-ProBook-440-G5 --- [           main] o.h.SQL                                  : select users0_.user_id as user_id1_1_, users0_.first_name as first_na2_1_, users0_.id_no as id_no3_1_, users0_.msisdn as msisdn4_1_, users0_.password as password5_1_, users0_.registration_date as registra6_1_, users0_.second_name as second_n7_1_, users0_.status as status8_1_ from users users0_ where users0_.msisdn=?
2019-05-09 17:08:14.128 TRACE afro-HP-ProBook-440-G5 --- [           main] o.h.t.d.s.BasicBinder                    : binding parameter [1] as [VARCHAR] - [254721506974]
2019-05-09 17:08:14.130 TRACE afro-HP-ProBook-440-G5 --- [           main] o.h.t.d.s.BasicExtractor                 : extracted value ([user_id1_1_] : [INTEGER]) - [47]
2019-05-09 17:08:14.130 TRACE afro-HP-ProBook-440-G5 --- [           main] o.h.t.d.s.BasicExtractor                 : extracted value ([first_na2_1_] : [VARCHAR]) - [Amimo]
2019-05-09 17:08:14.131 TRACE afro-HP-ProBook-440-G5 --- [           main] o.h.t.d.s.BasicExtractor                 : extracted value ([id_no3_1_] : [VARCHAR]) - [26089909]
2019-05-09 17:08:14.131 TRACE afro-HP-ProBook-440-G5 --- [           main] o.h.t.d.s.BasicExtractor                 : extracted value ([msisdn4_1_] : [VARCHAR]) - [254721506974]
2019-05-09 17:08:14.131 TRACE afro-HP-ProBook-440-G5 --- [           main] o.h.t.d.s.BasicExtractor                 : extracted value ([password5_1_] : [VARCHAR]) - [$2a$04$I9Q2sDc4QGGg5WNTLmsz0.fvGv3OjoZyj81PrSFyGOqMphqfS2qKu]
2019-05-09 17:08:14.132 TRACE afro-HP-ProBook-440-G5 --- [           main] o.h.t.d.s.BasicExtractor                 : extracted value ([registra6_1_] : [TIMESTAMP]) - [2019-05-09 17:08:13.843]
2019-05-09 17:08:14.132 TRACE afro-HP-ProBook-440-G5 --- [           main] o.h.t.d.s.BasicExtractor                 : extracted value ([second_n7_1_] : [VARCHAR]) - [Benja]
2019-05-09 17:08:14.132 TRACE afro-HP-ProBook-440-G5 --- [           main] o.h.t.d.s.BasicExtractor                 : extracted value ([status8_1_] : [BOOLEAN]) - [true]
2019-05-09 17:08:14.135 DEBUG afro-HP-ProBook-440-G5 --- [           main] o.h.SQL                                  : select users0_.user_id as user_id1_1_0_, users0_.first_name as first_na2_1_0_, users0_.id_no as id_no3_1_0_, users0_.msisdn as msisdn4_1_0_, users0_.password as password5_1_0_, users0_.registration_date as registra6_1_0_, users0_.second_name as second_n7_1_0_, users0_.status as status8_1_0_ from users users0_ where users0_.user_id=?
2019-05-09 17:08:14.135 TRACE afro-HP-ProBook-440-G5 --- [           main] o.h.t.d.s.BasicBinder                    : binding parameter [1] as [INTEGER] - [47]
2019-05-09 17:08:14.136 TRACE afro-HP-ProBook-440-G5 --- [           main] o.h.t.d.s.BasicExtractor                 : extracted value ([first_na2_1_0_] : [VARCHAR]) - [Amimo]
2019-05-09 17:08:14.137 TRACE afro-HP-ProBook-440-G5 --- [           main] o.h.t.d.s.BasicExtractor                 : extracted value ([id_no3_1_0_] : [VARCHAR]) - [26089909]
2019-05-09 17:08:14.137 TRACE afro-HP-ProBook-440-G5 --- [           main] o.h.t.d.s.BasicExtractor                 : extracted value ([msisdn4_1_0_] : [VARCHAR]) - [254721506974]
2019-05-09 17:08:14.137 TRACE afro-HP-ProBook-440-G5 --- [           main] o.h.t.d.s.BasicExtractor                 : extracted value ([password5_1_0_] : [VARCHAR]) - [$2a$04$I9Q2sDc4QGGg5WNTLmsz0.fvGv3OjoZyj81PrSFyGOqMphqfS2qKu]
2019-05-09 17:08:14.138 TRACE afro-HP-ProBook-440-G5 --- [           main] o.h.t.d.s.BasicExtractor                 : extracted value ([registra6_1_0_] : [TIMESTAMP]) - [2019-05-09 17:08:13.843]
2019-05-09 17:08:14.138 TRACE afro-HP-ProBook-440-G5 --- [           main] o.h.t.d.s.BasicExtractor                 : extracted value ([second_n7_1_0_] : [VARCHAR]) - [Benja]
2019-05-09 17:08:14.138 TRACE afro-HP-ProBook-440-G5 --- [           main] o.h.t.d.s.BasicExtractor                 : extracted value ([status8_1_0_] : [BOOLEAN]) - [true]
2019-05-09 17:08:14.140 DEBUG afro-HP-ProBook-440-G5 --- [           main] o.h.SQL                                  : delete from users where user_id=?
2019-05-09 17:08:14.140 TRACE afro-HP-ProBook-440-G5 --- [           main] o.h.t.d.s.BasicBinder                    : binding parameter [1] as [INTEGER] - [47]
2019-05-09 17:08:14.152 DEBUG afro-HP-ProBook-440-G5 --- [           main] o.h.SQL                                  : select users0_.user_id as user_id1_1_, users0_.first_name as first_na2_1_, users0_.id_no as id_no3_1_, users0_.msisdn as msisdn4_1_, users0_.password as password5_1_, users0_.registration_date as registra6_1_, users0_.second_name as second_n7_1_, users0_.status as status8_1_ from users users0_ where users0_.msisdn=?
2019-05-09 17:08:14.153 TRACE afro-HP-ProBook-440-G5 --- [           main] o.h.t.d.s.BasicBinder                    : binding parameter [1] as [VARCHAR] - [254725506974]
2019-05-09 17:08:14.155 TRACE afro-HP-ProBook-440-G5 --- [           main] o.h.t.d.s.BasicExtractor                 : extracted value ([user_id1_1_] : [INTEGER]) - [48]
2019-05-09 17:08:14.156 TRACE afro-HP-ProBook-440-G5 --- [           main] o.h.t.d.s.BasicExtractor                 : extracted value ([first_na2_1_] : [VARCHAR]) - [Nicholus]
2019-05-09 17:08:14.156 TRACE afro-HP-ProBook-440-G5 --- [           main] o.h.t.d.s.BasicExtractor                 : extracted value ([id_no3_1_] : [VARCHAR]) - [26189909]
2019-05-09 17:08:14.156 TRACE afro-HP-ProBook-440-G5 --- [           main] o.h.t.d.s.BasicExtractor                 : extracted value ([msisdn4_1_] : [VARCHAR]) - [254725506974]
2019-05-09 17:08:14.157 TRACE afro-HP-ProBook-440-G5 --- [           main] o.h.t.d.s.BasicExtractor                 : extracted value ([password5_1_] : [VARCHAR]) - [$2a$10$MXoQfdk9bkGp3xDY.mlzi.DN8Kpw.wKyJDSFZRU6lcuHxFwqWIcAa]
2019-05-09 17:08:14.157 TRACE afro-HP-ProBook-440-G5 --- [           main] o.h.t.d.s.BasicExtractor                 : extracted value ([registra6_1_] : [TIMESTAMP]) - [2019-05-09 17:08:13.933]
2019-05-09 17:08:14.158 TRACE afro-HP-ProBook-440-G5 --- [           main] o.h.t.d.s.BasicExtractor                 : extracted value ([second_n7_1_] : [VARCHAR]) - [Owenje]
2019-05-09 17:08:14.158 TRACE afro-HP-ProBook-440-G5 --- [           main] o.h.t.d.s.BasicExtractor                 : extracted value ([status8_1_] : [BOOLEAN]) - [true]
2019-05-09 17:08:14.161 DEBUG afro-HP-ProBook-440-G5 --- [           main] o.h.SQL                                  : select users0_.user_id as user_id1_1_0_, users0_.first_name as first_na2_1_0_, users0_.id_no as id_no3_1_0_, users0_.msisdn as msisdn4_1_0_, users0_.password as password5_1_0_, users0_.registration_date as registra6_1_0_, users0_.second_name as second_n7_1_0_, users0_.status as status8_1_0_ from users users0_ where users0_.user_id=?
2019-05-09 17:08:14.162 TRACE afro-HP-ProBook-440-G5 --- [           main] o.h.t.d.s.BasicBinder                    : binding parameter [1] as [INTEGER] - [48]
2019-05-09 17:08:14.164 TRACE afro-HP-ProBook-440-G5 --- [           main] o.h.t.d.s.BasicExtractor                 : extracted value ([first_na2_1_0_] : [VARCHAR]) - [Nicholus]
2019-05-09 17:08:14.164 TRACE afro-HP-ProBook-440-G5 --- [           main] o.h.t.d.s.BasicExtractor                 : extracted value ([id_no3_1_0_] : [VARCHAR]) - [26189909]
2019-05-09 17:08:14.164 TRACE afro-HP-ProBook-440-G5 --- [           main] o.h.t.d.s.BasicExtractor                 : extracted value ([msisdn4_1_0_] : [VARCHAR]) - [254725506974]
2019-05-09 17:08:14.165 TRACE afro-HP-ProBook-440-G5 --- [           main] o.h.t.d.s.BasicExtractor                 : extracted value ([password5_1_0_] : [VARCHAR]) - [$2a$10$MXoQfdk9bkGp3xDY.mlzi.DN8Kpw.wKyJDSFZRU6lcuHxFwqWIcAa]
2019-05-09 17:08:14.167 TRACE afro-HP-ProBook-440-G5 --- [           main] o.h.t.d.s.BasicExtractor                 : extracted value ([registra6_1_0_] : [TIMESTAMP]) - [2019-05-09 17:08:13.933]
2019-05-09 17:08:14.167 TRACE afro-HP-ProBook-440-G5 --- [           main] o.h.t.d.s.BasicExtractor                 : extracted value ([second_n7_1_0_] : [VARCHAR]) - [Owenje]
2019-05-09 17:08:14.168 TRACE afro-HP-ProBook-440-G5 --- [           main] o.h.t.d.s.BasicExtractor                 : extracted value ([status8_1_0_] : [BOOLEAN]) - [true]
2019-05-09 17:08:14.170 DEBUG afro-HP-ProBook-440-G5 --- [           main] o.h.SQL                                  : delete from users where user_id=?
2019-05-09 17:08:14.170 TRACE afro-HP-ProBook-440-G5 --- [           main] o.h.t.d.s.BasicBinder                    : binding parameter [1] as [INTEGER] - [48]
2019-05-09 17:08:14.191  INFO afro-HP-ProBook-440-G5 --- [           main] o.s.b.t.m.w.SpringBootMockServletContext : Initializing Spring TestDispatcherServlet ''
2019-05-09 17:08:14.191  INFO afro-HP-ProBook-440-G5 --- [           main] o.s.t.w.s.TestDispatcherServlet          : Initializing Servlet ''
2019-05-09 17:08:14.198  INFO afro-HP-ProBook-440-G5 --- [           main] o.s.t.w.s.TestDispatcherServlet          : Completed initialization in 7 ms
2019-05-09 17:08:14.370  INFO afro-HP-ProBook-440-G5 --- [       Thread-6] o.s.s.c.ThreadPoolTaskExecutor           : Shutting down ExecutorService 'applicationTaskExecutor'
2019-05-09 17:08:14.383  INFO afro-HP-ProBook-440-G5 --- [       Thread-6] j.LocalContainerEntityManagerFactoryBean : Closing JPA EntityManagerFactory for persistence unit 'default'
2019-05-09 17:08:17.178  INFO afro-HP-ProBook-440-G5 --- [       Thread-6] c.z.h.HikariDataSource                   : HikariPool-1 - Shutdown initiated...
2019-05-09 17:08:17.189  INFO afro-HP-ProBook-440-G5 --- [       Thread-6] c.z.h.HikariDataSource                   : HikariPool-1 - Shutdown completed.
